<?xml version="1.0" encoding="UTF-8"?>
<testsuite xmlns:xsi="http://www.w3.org/2001/XMLSchema-instance" xsi:noNamespaceSchemaLocation="https://maven.apache.org/surefire/maven-surefire-plugin/xsd/surefire-test-report-3.0.xsd" version="3.0" name="com.laptop.Laptop.LaptopApplicationTests" time="129.749" tests="1" errors="0" skipped="0" failures="0">
  <properties>
[...]
</properties>
  <testcase name="contextLoads" classname="com.laptop.Laptop.LaptopApplicationTests" time="1.331">
    <system-out><![CDATA[19:53:06.994 [main] INFO org.springframework.test.context.support.AnnotationConfigContextLoaderUtils -- Could not detect default configuration classes for test class [com.laptop.Laptop.LaptopApplicationTests]: LaptopApplicationTests does not declare any static, non-private, non-final, nested classes annotated with @Configuration.
19:53:08.414 [main] INFO org.springframework.boot.test.context.SpringBootTestContextBootstrapper -- Found @SpringBootConfiguration com.laptop.Laptop.LaptopApplication for test class com.laptop.Laptop.LaptopApplicationTests
19:53:11.170 [main] INFO org.springframework.boot.devtools.restart.RestartApplicationListener -- Restart disabled due to context in which it is running

  .   ____          _            __ _ _
 /\\ / ___'_ __ _ _(_)_ __  __ _ \ \ \ \
( ( )\___ | '_ | '_| | '_ \/ _` | \ \ \ \
 \\/  ___)| |_)| | | | | || (_| |  ) ) ) )
  '  |____| .__|_| |_|_| |_\__, | / / / /
 =========|_|==============|___/=/_/_/_/

 :: Spring Boot ::                (v3.3.4)

2024-11-01T19:53:15.248+03:00  INFO 3208 --- [Laptop shops] [           main] c.laptop.Laptop.LaptopApplicationTests   : Starting LaptopApplicationTests using Java 17.0.13-ea with PID 3208 (started by korir in /home/korir/WorkSpace/FullStack/My-Shop/Laptop backend)
2024-11-01T19:53:15.255+03:00  INFO 3208 --- [Laptop shops] [           main] c.laptop.Laptop.LaptopApplicationTests   : No active profile set, falling back to 1 default profile: "default"
2024-11-01T19:53:34.789+03:00  INFO 3208 --- [Laptop shops] [           main] .s.d.r.c.RepositoryConfigurationDelegate : Bootstrapping Spring Data JPA repositories in DEFAULT mode.
2024-11-01T19:53:36.104+03:00  INFO 3208 --- [Laptop shops] [           main] .s.d.r.c.RepositoryConfigurationDelegate : Finished Spring Data repository scanning in 1195 ms. Found 15 JPA repository interfaces.
2024-11-01T19:53:46.979+03:00  INFO 3208 --- [Laptop shops] [           main] o.hibernate.jpa.internal.util.LogHelper  : HHH000204: Processing PersistenceUnitInfo [name: default]
2024-11-01T19:53:48.547+03:00  INFO 3208 --- [Laptop shops] [           main] org.hibernate.Version                    : HHH000412: Hibernate ORM core version 6.5.3.Final
2024-11-01T19:53:49.356+03:00  INFO 3208 --- [Laptop shops] [           main] o.h.c.internal.RegionFactoryInitiator    : HHH000026: Second-level cache disabled
2024-11-01T19:53:54.040+03:00  INFO 3208 --- [Laptop shops] [           main] o.s.o.j.p.SpringPersistenceUnitInfo      : No LoadTimeWeaver setup: ignoring JPA class transformer
2024-11-01T19:53:54.548+03:00  INFO 3208 --- [Laptop shops] [           main] com.zaxxer.hikari.HikariDataSource       : HikariPool-1 - Starting...
2024-11-01T19:54:06.570+03:00  INFO 3208 --- [Laptop shops] [           main] com.zaxxer.hikari.pool.HikariPool        : HikariPool-1 - Added connection com.mysql.cj.jdbc.ConnectionImpl@228958a
2024-11-01T19:54:06.595+03:00  INFO 3208 --- [Laptop shops] [           main] com.zaxxer.hikari.HikariDataSource       : HikariPool-1 - Start completed.
2024-11-01T19:54:06.761+03:00  WARN 3208 --- [Laptop shops] [           main] o.h.e.j.e.i.JdbcEnvironmentInitiator     : HHH000339: Could not obtain connection metadata: java.sql.SQLSyntaxErrorException: Unknown column 'RESERVED' in 'where clause'
2024-11-01T19:54:07.716+03:00  WARN 3208 --- [Laptop shops] [           main] org.hibernate.orm.deprecation            : HHH90000025: MySQLDialect does not need to be specified explicitly using 'hibernate.dialect' (remove the property setting and it will be selected by default)
2024-11-01T19:54:30.570+03:00  INFO 3208 --- [Laptop shops] [           main] o.h.e.t.j.p.i.JtaPlatformInitiator       : HHH000489: No JTA platform available (set 'hibernate.transaction.jta.platform' to enable JTA platform integration)
2024-11-01T19:54:32.055+03:00 DEBUG 3208 --- [Laptop shops] [           main] org.hibernate.SQL                        : 
    alter table employee 
       add column role enum ('ADMIN','CASHIER','EMPLOYEE','SUPER_USER')
Hibernate: 
    alter table employee 
       add column role enum ('ADMIN','CASHIER','EMPLOYEE','SUPER_USER')
2024-11-01T19:54:32.484+03:00 DEBUG 3208 --- [Laptop shops] [           main] org.hibernate.SQL                        : 
    alter table product_product_images 
       modify column product_images longblob
Hibernate: 
    alter table product_product_images 
       modify column product_images longblob
2024-11-01T19:54:34.432+03:00  INFO 3208 --- [Laptop shops] [           main] j.LocalContainerEntityManagerFactoryBean : Initialized JPA EntityManagerFactory for persistence unit 'default'
2024-11-01T19:54:38.660+03:00  INFO 3208 --- [Laptop shops] [           main] o.s.d.j.r.query.QueryEnhancerFactory     : Hibernate is in classpath; If applicable, HQL parser will be used.
2024-11-01T19:54:44.163+03:00  INFO 3208 --- [Laptop shops] [           main] eAuthenticationProviderManagerConfigurer : Global AuthenticationManager configured with AuthenticationProvider bean with name authenticationProvider
2024-11-01T19:54:45.357+03:00 DEBUG 3208 --- [Laptop shops] [           main] org.hibernate.SQL                        : 
    select
        u1_0.id,
        u1_0.first_name,
        u1_0.last_name,
        u1_0.password,
        u1_0.phone,
        u1_0.role,
        u1_0.shop_id,
        u1_0.shop_code,
        u1_0.username 
    from
        users u1_0 
    where
        u1_0.role=?
Hibernate: 
    select
        u1_0.id,
        u1_0.first_name,
        u1_0.last_name,
        u1_0.password,
        u1_0.phone,
        u1_0.role,
        u1_0.shop_id,
        u1_0.shop_code,
        u1_0.username 
    from
        users u1_0 
    where
        u1_0.role=?
2024-11-01T19:54:45.536+03:00 DEBUG 3208 --- [Laptop shops] [           main] org.hibernate.SQL                        : 
    select
        i1_0.user_id,
        i1_0.id,
        i1_0.amount,
        i1_0.date,
        i1_0.description,
        i1_0.shop_id,
        s1_0.id,
        s1_0.address,
        s1_0.description,
        s1_0.expiry_date,
        s1_0.logo,
        s1_0.owner,
        s1_0.phone_number,
        s1_0.registration_date,
        s1_0.shop_code,
        s1_0.shop_name,
        s1_0.shop_status,
        i1_0.shop_code 
    from
        investment i1_0 
    left join
        shop s1_0 
            on s1_0.id=i1_0.shop_id 
    where
        i1_0.user_id=?
Hibernate: 
    select
        i1_0.user_id,
        i1_0.id,
        i1_0.amount,
        i1_0.date,
        i1_0.description,
        i1_0.shop_id,
        s1_0.id,
        s1_0.address,
        s1_0.description,
        s1_0.expiry_date,
        s1_0.logo,
        s1_0.owner,
        s1_0.phone_number,
        s1_0.registration_date,
        s1_0.shop_code,
        s1_0.shop_name,
        s1_0.shop_status,
        i1_0.shop_code 
    from
        investment i1_0 
    left join
        shop s1_0 
            on s1_0.id=i1_0.shop_id 
    where
        i1_0.user_id=?
User(id=1, firstName=Keneth, lastName=Admin, username=superuser, password=$2a$10$slvCsS488.84EQL/fvA6h.C2EchVoHyY/LNuMFQvTkQfH81KwwTBm, phone=0711766223, shopCode=null, role=SUPER_USER, shop=null, investments=[])
Admin account already exists
2024-11-01T19:54:55.190+03:00  WARN 3208 --- [Laptop shops] [           main] JpaBaseConfiguration$JpaWebConfiguration : spring.jpa.open-in-view is enabled by default. Therefore, database queries may be performed during view rendering. Explicitly configure spring.jpa.open-in-view to disable this warning
2024-11-01T19:55:02.547+03:00  INFO 3208 --- [Laptop shops] [           main] o.s.b.a.e.web.EndpointLinksResolver      : Exposing 1 endpoint beneath base path '/actuator'
2024-11-01T19:55:12.654+03:00  INFO 3208 --- [Laptop shops] [           main] c.laptop.Laptop.LaptopApplicationTests   : Started LaptopApplicationTests in 121.739 seconds (process running for 133.699)
]]></system-out>
  </testcase>
</testsuite>